{"/home/sc/node_project/react-demo-luke/src/utils/Counter.js": {"path":"/home/sc/node_project/react-demo-luke/src/utils/Counter.js","statementMap":{"0":{"start":{"line":3,"column":8},"end":{"line":3,"column":23}},"1":{"start":{"line":7,"column":8},"end":{"line":7,"column":24}}},"fnMap":{"0":{"name":"(anonymous_0)","decl":{"start":{"line":2,"column":4},"end":{"line":2,"column":5}},"loc":{"start":{"line":2,"column":18},"end":{"line":4,"column":5}},"line":2},"1":{"name":"(anonymous_1)","decl":{"start":{"line":6,"column":4},"end":{"line":6,"column":5}},"loc":{"start":{"line":6,"column":16},"end":{"line":8,"column":5}},"line":6}},"branchMap":{},"s":{"0":2,"1":1},"f":{"0":2,"1":1},"b":{},"_coverageSchema":"1a1c01bbd47fc00a2c39e90264f33305004495a9","hash":"381161f24bef7d6dba069c86852ca407510505a6"}
,"/home/sc/node_project/react-demo-luke/src/utils/math.js": {"path":"/home/sc/node_project/react-demo-luke/src/utils/math.js","statementMap":{"0":{"start":{"line":1,"column":30},"end":{"line":1,"column":45}},"1":{"start":{"line":1,"column":40},"end":{"line":1,"column":45}}},"fnMap":{"0":{"name":"(anonymous_0)","decl":{"start":{"line":1,"column":30},"end":{"line":1,"column":31}},"loc":{"start":{"line":1,"column":40},"end":{"line":1,"column":45}},"line":1}},"branchMap":{},"s":{"0":1,"1":1},"f":{"0":1},"b":{},"_coverageSchema":"1a1c01bbd47fc00a2c39e90264f33305004495a9","hash":"370e1fe528c39653e5a0efda7a7eb151a1b93411"}
}
